<?xml version="1.0" encoding="UTF-8"?>
<!-- Generated by org.testng.reporters.JUnitReportReporter -->
<testsuite skipped="0" hostname="localhost" name="org.eclipse.microprofile.rest.client.tck.AdditionalRegistrationTest" tests="8" failures="0" timestamp="17 Dec 2018 17:35:17 GMT" time="0.538" errors="0">
  <testcase name="shouldRegisterAMultiTypedProviderInstance" time="0.043" classname="org.eclipse.microprofile.rest.client.tck.AdditionalRegistrationTest"/>
  <testcase name="shouldRegisterAMultiTypedProviderInstanceWithPriorities" time="0.045" classname="org.eclipse.microprofile.rest.client.tck.AdditionalRegistrationTest"/>
  <testcase name="shouldRegisterInstance" time="0.046" classname="org.eclipse.microprofile.rest.client.tck.AdditionalRegistrationTest"/>
  <testcase name="shouldRegisterProvidersWithPriority" time="0.035" classname="org.eclipse.microprofile.rest.client.tck.AdditionalRegistrationTest"/>
  <testcase name="shouldRegisterAMultiTypedProviderClassWithPriorities" time="0.043" classname="org.eclipse.microprofile.rest.client.tck.AdditionalRegistrationTest"/>
  <testcase name="testPropertiesRegistered" time="0.039" classname="org.eclipse.microprofile.rest.client.tck.AdditionalRegistrationTest"/>
  <testcase name="shouldRegisterAMultiTypedProviderClass" time="0.249" classname="org.eclipse.microprofile.rest.client.tck.AdditionalRegistrationTest"/>
  <testcase name="shouldRegisterInstanceWithPriority" time="0.038" classname="org.eclipse.microprofile.rest.client.tck.AdditionalRegistrationTest"/>
</testsuite> <!-- org.eclipse.microprofile.rest.client.tck.AdditionalRegistrationTest -->
